<?xml version="1.0" encoding="utf-8"?><testsuites name="pytest tests"><testsuite name="pytest" errors="0" failures="0" skipped="1" tests="47" time="68.187" timestamp="2026-05-04T22:16:22.449995+02:00" hostname="TUD1005334"><testcase classname="tests.test_cache" name="test_argument_caching" time="0.287" /><testcase classname="tests.test_cache" name="test_fn_code_caching" time="0.001"><skipped type="pytest.skip" message="Don't know if this was ever working... Need to check it at some point.">/Users/mpierzyna/Nextcloud/Research/09b_jax_scm/jax_scm/tests/test_cache.py:44: Don't know if this was ever working... Need to check it at some point.</skipped></testcase><testcase classname="tests.test_config" name="test_load_from_file" time="0.001" /><testcase classname="tests.test_diffable" name="test_mo_diffable[th_s-292-None]" time="1.435" /><testcase classname="tests.test_diffable" name="test_mo_diffable[th_s-288-None]" time="1.332" /><testcase classname="tests.test_diffable" name="test_mo_diffable[w_th_s-None--0.05]" time="0.970" /><testcase classname="tests.test_diffable" name="test_mo_diffable[w_th_s-None-0.05]" time="0.973" /><testcase classname="tests.test_diffable" name="test_mynn_diffable" time="0.358" /><testcase classname="tests.test_diffable" name="test_mynn_grads_diffable" time="0.464" /><testcase classname="tests.test_diffable" name="test_mynn_mo_res_diffable" time="0.857" /><testcase classname="tests.test_diffable" name="test_e2e_diffable" time="2.328" /><testcase classname="tests.test_e2e" name="test_e2e[gabls1_cn]" time="4.507" /><testcase classname="tests.test_e2e" name="test_e2e[gabls1_ab2]" time="1.525" /><testcase classname="tests.test_e2e" name="test_e2e[andren1994_cn]" time="6.533" /><testcase classname="tests.test_e2e" name="test_e2e[andren1994_ab2]" time="8.222" /><testcase classname="tests.test_e2e" name="test_e2e[wangara_cn]" time="2.380" /><testcase classname="tests.test_e2e" name="test_e2e[wangara_ab2]" time="2.643" /><testcase classname="tests.test_io" name="test_sim_from_ds" time="7.459" /><testcase classname="tests.test_io" name="test_ds_metadata" time="2.884" /><testcase classname="tests.test_io" name="test_to_nc" time="0.809" /><testcase classname="tests.test_mo" name="test_serialize_settings" time="0.001" /><testcase classname="tests.test_mo" name="test_bd[False]" time="0.230" /><testcase classname="tests.test_mo" name="test_bd[True]" time="0.030" /><testcase classname="tests.test_mo" name="test_neutral_conditions[False]" time="0.519" /><testcase classname="tests.test_mo" name="test_neutral_conditions[True]" time="0.202" /><testcase classname="tests.test_mo" name="test_unstable_conditions[False]" time="0.063" /><testcase classname="tests.test_mo" name="test_unstable_conditions[True]" time="0.009" /><testcase classname="tests.test_mo" name="test_stable_conditions[False]" time="0.062" /><testcase classname="tests.test_mo" name="test_stable_conditions[True]" time="0.010" /><testcase classname="tests.test_mo" name="test_wind_direction[False]" time="0.185" /><testcase classname="tests.test_mo" name="test_wind_direction[True]" time="0.066" /><testcase classname="tests.test_mo" name="test_wind_magnitude[False]" time="0.182" /><testcase classname="tests.test_mo" name="test_wind_magnitude[True]" time="0.028" /><testcase classname="tests.test_mo" name="test_extreme_conditions[False]" time="0.121" /><testcase classname="tests.test_mo" name="test_extreme_conditions[True]" time="0.035" /><testcase classname="tests.test_mo" name="test_10m_wind_and_2m_temp[False]" time="0.093" /><testcase classname="tests.test_mo" name="test_10m_wind_and_2m_temp[True]" time="0.059" /><testcase classname="tests.test_mo" name="test_prescribe_th_s[False]" time="0.183" /><testcase classname="tests.test_mo" name="test_prescribe_th_s[True]" time="0.066" /><testcase classname="tests.test_mo" name="test_sukanta_matlab[False]" time="0.122" /><testcase classname="tests.test_mo" name="test_sukanta_matlab[True]" time="0.036" /><testcase classname="tests.test_mo" name="test_moisture_flux[False]" time="0.062" /><testcase classname="tests.test_mo" name="test_moisture_flux[True]" time="0.010" /><testcase classname="tests.test_safe_math" name="test_sqrt" time="0.218" /><testcase classname="tests.test_time_stepping" name="test_time_stepping_configs[cfg0]" time="14.273" /><testcase classname="tests.test_time_stepping" name="test_time_stepping_configs[cfg1]" time="1.296" /><testcase classname="tests.test_time_stepping" name="test_time_stepping_configs[cfg2]" time="1.067" /></testsuite></testsuites>