<?xml version="1.0" encoding="utf-8"?><testsuites name="pytest tests"><testsuite name="pytest" errors="0" failures="0" skipped="1" tests="66" time="79.976" timestamp="2026-05-10T15:52:55.616435+02:00" hostname="TUD1005334"><testcase classname="tests.test_cache" name="test_argument_caching" time="0.260" /><testcase classname="tests.test_cache" name="test_fn_code_caching" time="0.000"><skipped type="pytest.skip" message="Don't know if this was ever working... Need to check it at some point.">/Users/mpierzyna/Nextcloud/Research/09b_jax_scm/jax_scm/tests/test_cache.py:45: Don't know if this was ever working... Need to check it at some point.</skipped></testcase><testcase classname="tests.test_config" name="test_load_from_file" time="0.001" /><testcase classname="tests.test_diffable" name="test_mo_diffable[th_s-292-None]" time="1.456" /><testcase classname="tests.test_diffable" name="test_mo_diffable[th_s-288-None]" time="1.327" /><testcase classname="tests.test_diffable" name="test_mo_diffable[w_th_s-None--0.05]" time="0.989" /><testcase classname="tests.test_diffable" name="test_mo_diffable[w_th_s-None-0.05]" time="0.986" /><testcase classname="tests.test_diffable" name="test_mynn_diffable" time="0.378" /><testcase classname="tests.test_diffable" name="test_mynn_grads_diffable" time="0.469" /><testcase classname="tests.test_diffable" name="test_mynn_mo_res_diffable" time="0.577" /><testcase classname="tests.test_diffable" name="test_e2e_diffable" time="1.768" /><testcase classname="tests.test_e2e" name="test_e2e[gabls1_cn]" time="4.060" /><testcase classname="tests.test_e2e" name="test_e2e[gabls1_ab2]" time="1.490" /><testcase classname="tests.test_e2e" name="test_e2e[andren1994_cn]" time="5.903" /><testcase classname="tests.test_e2e" name="test_e2e[andren1994_ab2]" time="8.846" /><testcase classname="tests.test_e2e" name="test_e2e[wangara_cn]" time="2.319" /><testcase classname="tests.test_e2e" name="test_e2e[wangara_ab2]" time="3.377" /><testcase classname="tests.test_e2e" name="test_split_sim" time="9.946" /><testcase classname="tests.test_interfaces.TestUpdateInit" name="test_swap_full_init" time="0.383" /><testcase classname="tests.test_interfaces.TestUpdateInit" name="test_update_single_field" time="0.002" /><testcase classname="tests.test_interfaces.TestUpdateInit" name="test_update_multiple_fields" time="0.001" /><testcase classname="tests.test_interfaces.TestUpdateInit" name="test_does_not_mutate_original" time="0.001" /><testcase classname="tests.test_interfaces.TestUpdateInit" name="test_t_start_at_boundary" time="0.001" /><testcase classname="tests.test_interfaces.TestUpdateInit" name="test_t_start_just_before_end" time="0.002" /><testcase classname="tests.test_interfaces.TestUpdateInit" name="test_invalid_t_start_at_end" time="0.002" /><testcase classname="tests.test_interfaces.TestUpdateInit" name="test_invalid_t_start_beyond_end" time="0.001" /><testcase classname="tests.test_interfaces.TestUpdateInit" name="test_invalid_t_start_before_start" time="0.001" /><testcase classname="tests.test_interfaces.TestUpdateInit" name="test_both_new_init_and_fields_raises" time="0.001" /><testcase classname="tests.test_interfaces.TestUpdateInit" name="test_returns_simulation_type" time="0.002" /><testcase classname="tests.test_interfaces.TestUpdateInit" name="test_forcing_and_grid_preserved" time="0.001" /><testcase classname="tests.test_interfaces.TestOutput" name="test_single" time="0.453" /><testcase classname="tests.test_interfaces.TestOutput" name="test_slicing" time="0.337" /><testcase classname="tests.test_interfaces.TestOutput" name="test_masking" time="0.211" /><testcase classname="tests.test_interfaces.TestOutput" name="test_iter" time="0.213" /><testcase classname="tests.test_io" name="test_sim_from_ds" time="7.722" /><testcase classname="tests.test_io" name="test_ds_metadata" time="3.064" /><testcase classname="tests.test_io" name="test_to_nc" time="1.091" /><testcase classname="tests.test_io" name="test_ds_to_state[False]" time="0.011" /><testcase classname="tests.test_io" name="test_ds_to_state[True]" time="0.001" /><testcase classname="tests.test_mo" name="test_serialize_settings" time="0.001" /><testcase classname="tests.test_mo" name="test_bd[False]" time="0.241" /><testcase classname="tests.test_mo" name="test_bd[True]" time="0.032" /><testcase classname="tests.test_mo" name="test_neutral_conditions[False]" time="0.512" /><testcase classname="tests.test_mo" name="test_neutral_conditions[True]" time="0.204" /><testcase classname="tests.test_mo" name="test_unstable_conditions[False]" time="0.065" /><testcase classname="tests.test_mo" name="test_unstable_conditions[True]" time="0.010" /><testcase classname="tests.test_mo" name="test_stable_conditions[False]" time="0.064" /><testcase classname="tests.test_mo" name="test_stable_conditions[True]" time="0.009" /><testcase classname="tests.test_mo" name="test_wind_direction[False]" time="0.184" /><testcase classname="tests.test_mo" name="test_wind_direction[True]" time="0.067" /><testcase classname="tests.test_mo" name="test_wind_magnitude[False]" time="0.186" /><testcase classname="tests.test_mo" name="test_wind_magnitude[True]" time="0.028" /><testcase classname="tests.test_mo" name="test_extreme_conditions[False]" time="0.128" /><testcase classname="tests.test_mo" name="test_extreme_conditions[True]" time="0.038" /><testcase classname="tests.test_mo" name="test_10m_wind_and_2m_temp[False]" time="0.099" /><testcase classname="tests.test_mo" name="test_10m_wind_and_2m_temp[True]" time="0.064" /><testcase classname="tests.test_mo" name="test_prescribe_th_s[False]" time="0.188" /><testcase classname="tests.test_mo" name="test_prescribe_th_s[True]" time="0.068" /><testcase classname="tests.test_mo" name="test_sukanta_matlab[False]" time="0.124" /><testcase classname="tests.test_mo" name="test_sukanta_matlab[True]" time="0.036" /><testcase classname="tests.test_mo" name="test_moisture_flux[False]" time="0.062" /><testcase classname="tests.test_mo" name="test_moisture_flux[True]" time="0.010" /><testcase classname="tests.test_safe_math" name="test_sqrt" time="0.233" /><testcase classname="tests.test_time_stepping" name="test_time_stepping_configs[cfg0]" time="14.413" /><testcase classname="tests.test_time_stepping" name="test_time_stepping_configs[cfg1]" time="1.144" /><testcase classname="tests.test_time_stepping" name="test_time_stepping_configs[cfg2]" time="1.148" /></testsuite></testsuites>